<?xml version="1.0" encoding="utf-8"?><testsuites name="pytest tests"><testsuite name="pytest" errors="0" failures="0" skipped="0" tests="14" time="2.295" timestamp="2026-06-30T23:30:28.813797+00:00" hostname="agent-env-37a53ae0-aed3-4b08-a1a2-e1c176122eaf"><testcase classname="backend.tests.test_pair_history.TestPairHistory" name="test_response_shape" time="0.518" /><testcase classname="backend.tests.test_pair_history.TestPairHistory" name="test_points_schema" time="0.000" /><testcase classname="backend.tests.test_pair_history.TestPairHistory" name="test_points_sorted_ascending_by_epoch" time="0.000" /><testcase classname="backend.tests.test_pair_history.TestPairHistory" name="test_limit_respected" time="0.000" /><testcase classname="backend.tests.test_pair_history.TestPairHistory" name="test_aggregates_match_points" time="0.000" /><testcase classname="backend.tests.test_pair_history.TestPairHistory" name="test_limit_below_one_returns_422" time="0.058" /><testcase classname="backend.tests.test_pair_history.TestPairHistory" name="test_limit_negative_returns_422" time="0.053" /><testcase classname="backend.tests.test_pair_history.TestPairHistory" name="test_limit_above_max_returns_422" time="0.055" /><testcase classname="backend.tests.test_pair_history.TestPairHistory" name="test_limit_max_720_ok" time="0.608" /><testcase classname="backend.tests.test_pair_history.TestPairHistory" name="test_missing_required_params_returns_422" time="0.062" /><testcase classname="backend.tests.test_pair_history.TestPairHistory" name="test_bad_pair_ids_returns_200_empty" time="0.308" /><testcase classname="backend.tests.test_pair_history.TestPairHistory" name="test_exalted_divine_history" time="0.333" /><testcase classname="backend.tests.test_pair_history.TestArbitrageStepItemIds" name="test_steps_expose_item_ids" time="0.257" /><testcase classname="backend.tests.test_pair_history.TestArbitrageStepItemIds" name="test_majority_steps_have_item_ids" time="0.000" /></testsuite></testsuites>