<?xml version="1.0" encoding="utf-8"?><testsuites name="pytest tests"><testsuite name="pytest" errors="0" failures="0" skipped="0" tests="36" time="2.004" timestamp="2026-06-30T23:30:35.749294+00:00" hostname="agent-env-37a53ae0-aed3-4b08-a1a2-e1c176122eaf"><testcase classname="backend.tests.test_arbitrage_api.TestHealth" name="test_root" time="0.175" /><testcase classname="backend.tests.test_arbitrage_api.TestLeagues" name="test_leagues_returns_list" time="0.174" /><testcase classname="backend.tests.test_arbitrage_api.TestLeagues" name="test_leagues_contains_current_runes_of_aldur" time="0.051" /><testcase classname="backend.tests.test_arbitrage_api.TestCurrencies" name="test_currencies_returns_list" time="0.086" /><testcase classname="backend.tests.test_arbitrage_api.TestCurrencies" name="test_currencies_contains_majors" time="0.072" /><testcase classname="backend.tests.test_arbitrage_api.TestCurrencies" name="test_currencies_priority_order" time="0.059" /><testcase classname="backend.tests.test_arbitrage_api.TestArbitrage" name="test_response_shape" time="0.058" /><testcase classname="backend.tests.test_arbitrage_api.TestArbitrage" name="test_direct_can_be_empty_multi_hop_should_have_results" time="0.000" /><testcase classname="backend.tests.test_arbitrage_api.TestArbitrage" name="test_opportunity_schema" time="0.000" /><testcase classname="backend.tests.test_arbitrage_api.TestArbitrage" name="test_sorted_by_profit_desc" time="0.000" /><testcase classname="backend.tests.test_arbitrage_api.TestArbitrage" name="test_arbitrage_profits_within_cap" time="0.000" /><testcase classname="backend.tests.test_arbitrage_api.TestArbitrageFilters" name="test_max_hops_2" time="0.055" /><testcase classname="backend.tests.test_arbitrage_api.TestArbitrageFilters" name="test_max_hops_4" time="0.122" /><testcase classname="backend.tests.test_arbitrage_api.TestArbitrageFilters" name="test_max_hops_out_of_range" time="0.046" /><testcase classname="backend.tests.test_arbitrage_api.TestArbitrageFilters" name="test_min_profit_pct_filter" time="0.064" /><testcase classname="backend.tests.test_arbitrage_api.TestArbitrageFilters" name="test_max_profit_pct_filter" time="0.059" /><testcase classname="backend.tests.test_arbitrage_api.TestArbitrageFilters" name="test_high_min_volume_reduces_results" time="0.057" /><testcase classname="backend.tests.test_arbitrage_api.TestArbitrageFilters" name="test_high_min_stock_reduces_results" time="0.055" /><testcase classname="backend.tests.test_arbitrage_api.TestArbitrageFilters" name="test_invalid_budget" time="0.045" /><testcase classname="backend.tests.test_arbitrage_api.TestPairs" name="test_pairs_runes_category" time="0.072" /><testcase classname="backend.tests.test_arbitrage_api.TestPairs" name="test_pairs_min_volume_filter" time="0.100" /><testcase classname="backend.tests.test_arbitrage_api.TestPairs" name="test_pairs_sorted_by_volume_desc" time="0.169" /><testcase classname="backend.tests.test_pair_history.TestPairHistory" name="test_response_shape" time="0.049" /><testcase classname="backend.tests.test_pair_history.TestPairHistory" name="test_points_schema" time="0.000" /><testcase classname="backend.tests.test_pair_history.TestPairHistory" name="test_points_sorted_ascending_by_epoch" time="0.000" /><testcase classname="backend.tests.test_pair_history.TestPairHistory" name="test_limit_respected" time="0.000" /><testcase classname="backend.tests.test_pair_history.TestPairHistory" name="test_aggregates_match_points" time="0.000" /><testcase classname="backend.tests.test_pair_history.TestPairHistory" name="test_limit_below_one_returns_422" time="0.053" /><testcase classname="backend.tests.test_pair_history.TestPairHistory" name="test_limit_negative_returns_422" time="0.051" /><testcase classname="backend.tests.test_pair_history.TestPairHistory" name="test_limit_above_max_returns_422" time="0.045" /><testcase classname="backend.tests.test_pair_history.TestPairHistory" name="test_limit_max_720_ok" time="0.056" /><testcase classname="backend.tests.test_pair_history.TestPairHistory" name="test_missing_required_params_returns_422" time="0.043" /><testcase classname="backend.tests.test_pair_history.TestPairHistory" name="test_bad_pair_ids_returns_200_empty" time="0.045" /><testcase classname="backend.tests.test_pair_history.TestPairHistory" name="test_exalted_divine_history" time="0.048" /><testcase classname="backend.tests.test_pair_history.TestArbitrageStepItemIds" name="test_steps_expose_item_ids" time="0.060" /><testcase classname="backend.tests.test_pair_history.TestArbitrageStepItemIds" name="test_majority_steps_have_item_ids" time="0.000" /></testsuite></testsuites>