<?xml version="1.0" encoding="utf-8"?><testsuites name="pytest tests"><testsuite name="pytest" errors="0" failures="0" skipped="0" tests="22" time="1.959" timestamp="2026-06-30T23:19:57.837561+00:00" hostname="agent-env-37a53ae0-aed3-4b08-a1a2-e1c176122eaf"><testcase classname="backend.tests.test_arbitrage_api.TestHealth" name="test_root" time="0.344" /><testcase classname="backend.tests.test_arbitrage_api.TestLeagues" name="test_leagues_returns_list" time="0.226" /><testcase classname="backend.tests.test_arbitrage_api.TestLeagues" name="test_leagues_contains_current_runes_of_aldur" time="0.066" /><testcase classname="backend.tests.test_arbitrage_api.TestCurrencies" name="test_currencies_returns_list" time="0.293" /><testcase classname="backend.tests.test_arbitrage_api.TestCurrencies" name="test_currencies_contains_majors" time="0.058" /><testcase classname="backend.tests.test_arbitrage_api.TestCurrencies" name="test_currencies_priority_order" time="0.070" /><testcase classname="backend.tests.test_arbitrage_api.TestArbitrage" name="test_response_shape" time="0.058" /><testcase classname="backend.tests.test_arbitrage_api.TestArbitrage" name="test_direct_can_be_empty_multi_hop_should_have_results" time="0.000" /><testcase classname="backend.tests.test_arbitrage_api.TestArbitrage" name="test_opportunity_schema" time="0.000" /><testcase classname="backend.tests.test_arbitrage_api.TestArbitrage" name="test_sorted_by_profit_desc" time="0.000" /><testcase classname="backend.tests.test_arbitrage_api.TestArbitrage" name="test_arbitrage_profits_within_cap" time="0.000" /><testcase classname="backend.tests.test_arbitrage_api.TestArbitrageFilters" name="test_max_hops_2" time="0.058" /><testcase classname="backend.tests.test_arbitrage_api.TestArbitrageFilters" name="test_max_hops_4" time="0.120" /><testcase classname="backend.tests.test_arbitrage_api.TestArbitrageFilters" name="test_max_hops_out_of_range" time="0.045" /><testcase classname="backend.tests.test_arbitrage_api.TestArbitrageFilters" name="test_min_profit_pct_filter" time="0.057" /><testcase classname="backend.tests.test_arbitrage_api.TestArbitrageFilters" name="test_max_profit_pct_filter" time="0.058" /><testcase classname="backend.tests.test_arbitrage_api.TestArbitrageFilters" name="test_high_min_volume_reduces_results" time="0.052" /><testcase classname="backend.tests.test_arbitrage_api.TestArbitrageFilters" name="test_high_min_stock_reduces_results" time="0.054" /><testcase classname="backend.tests.test_arbitrage_api.TestArbitrageFilters" name="test_invalid_budget" time="0.043" /><testcase classname="backend.tests.test_arbitrage_api.TestPairs" name="test_pairs_runes_category" time="0.075" /><testcase classname="backend.tests.test_arbitrage_api.TestPairs" name="test_pairs_min_volume_filter" time="0.093" /><testcase classname="backend.tests.test_arbitrage_api.TestPairs" name="test_pairs_sorted_by_volume_desc" time="0.143" /></testsuite></testsuites>